Sat Oct 02 2021 17:30:35 GMT+0000 (Coordinated Universal Time) | ERROR | SyntaxError: Unexpected token , in JSON at position 92
    at JSON.parse (<anonymous>)
    at createInvoiceModel (/var/www/html/awatthegalleria/api/outerRoute/outerModel.js:28:25)
    at process._tickCallback (internal/process/next_tick.js:68:7)
Sat Oct 02 2021 17:31:35 GMT+0000 (Coordinated Universal Time) | ERROR | SyntaxError: Unexpected token , in JSON at position 94
    at JSON.parse (<anonymous>)
    at createInvoiceModel (/var/www/html/awatthegalleria/api/outerRoute/outerModel.js:28:25)
    at process._tickCallback (internal/process/next_tick.js:68:7)
Sat Oct 02 2021 17:46:58 GMT+0000 (Coordinated Universal Time) | ERROR | { [Error: ENOENT: no such file or directory, stat '/var/www/html/awatthegalleria/build/404.html']
  errno: -2,
  code: 'ENOENT',
  syscall: 'stat',
  path: '/var/www/html/awatthegalleria/build/404.html',
  expose: false,
  statusCode: 404,
  status: 404 }
Sat Oct 02 2021 18:05:26 GMT+0000 (Coordinated Universal Time) | ERROR | { [Error: ENOENT: no such file or directory, stat '/var/www/html/awatthegalleria/build/404.html']
  errno: -2,
  code: 'ENOENT',
  syscall: 'stat',
  path: '/var/www/html/awatthegalleria/build/404.html',
  expose: false,
  statusCode: 404,
  status: 404 }
Sat Oct 02 2021 18:05:36 GMT+0000 (Coordinated Universal Time) | ERROR | { [Error: ENOENT: no such file or directory, stat '/var/www/html/awatthegalleria/build/404.html']
  errno: -2,
  code: 'ENOENT',
  syscall: 'stat',
  path: '/var/www/html/awatthegalleria/build/404.html',
  expose: false,
  statusCode: 404,
  status: 404 }
Sat Oct 02 2021 18:06:35 GMT+0000 (Coordinated Universal Time) | ERROR | { [Error: ENOENT: no such file or directory, stat '/var/www/html/awatthegalleria/build/404.html']
  errno: -2,
  code: 'ENOENT',
  syscall: 'stat',
  path: '/var/www/html/awatthegalleria/build/404.html',
  expose: false,
  statusCode: 404,
  status: 404 }
Sat Oct 02 2021 18:09:43 GMT+0000 (Coordinated Universal Time) | ERROR | { [Error: ENOENT: no such file or directory, stat '/var/www/html/awatthegalleria/build/404.html']
  errno: -2,
  code: 'ENOENT',
  syscall: 'stat',
  path: '/var/www/html/awatthegalleria/build/404.html',
  expose: false,
  statusCode: 404,
  status: 404 }
Sat Oct 02 2021 18:09:46 GMT+0000 (Coordinated Universal Time) | ERROR | { [Error: ENOENT: no such file or directory, stat '/var/www/html/awatthegalleria/build/404.html']
  errno: -2,
  code: 'ENOENT',
  syscall: 'stat',
  path: '/var/www/html/awatthegalleria/build/404.html',
  expose: false,
  statusCode: 404,
  status: 404 }
Sat Oct 02 2021 18:09:46 GMT+0000 (Coordinated Universal Time) | ERROR | { [Error: ENOENT: no such file or directory, stat '/var/www/html/awatthegalleria/build/404.html']
  errno: -2,
  code: 'ENOENT',
  syscall: 'stat',
  path: '/var/www/html/awatthegalleria/build/404.html',
  expose: false,
  statusCode: 404,
  status: 404 }
Sat Oct 02 2021 18:10:19 GMT+0000 (Coordinated Universal Time) | ERROR | { [Error: ENOENT: no such file or directory, stat '/var/www/html/awatthegalleria/build/404.html']
  errno: -2,
  code: 'ENOENT',
  syscall: 'stat',
  path: '/var/www/html/awatthegalleria/build/404.html',
  expose: false,
  statusCode: 404,
  status: 404 }
Sat Oct 02 2021 18:10:19 GMT+0000 (Coordinated Universal Time) | ERROR | { [Error: ENOENT: no such file or directory, stat '/var/www/html/awatthegalleria/build/404.html']
  errno: -2,
  code: 'ENOENT',
  syscall: 'stat',
  path: '/var/www/html/awatthegalleria/build/404.html',
  expose: false,
  statusCode: 404,
  status: 404 }
Tue Oct 05 2021 18:52:26 GMT+0530 (India Standard Time) | ERROR | Error: connect ECONNREFUSED 127.0.0.1:3306
    at TCPConnectWrap.afterConnect [as oncomplete] (net.js:1148:16)
    --------------------
    at Protocol._enqueue (/home/mongoose/Projects/The-Galleria-Server/node_modules/mysql/lib/protocol/Protocol.js:144:48)
    at Protocol.handshake (/home/mongoose/Projects/The-Galleria-Server/node_modules/mysql/lib/protocol/Protocol.js:51:23)
    at Connection.connect (/home/mongoose/Projects/The-Galleria-Server/node_modules/mysql/lib/Connection.js:116:18)
    at Object.<anonymous> (/home/mongoose/Projects/The-Galleria-Server/db.config.js:11:12)
    at Module._compile (internal/modules/cjs/loader.js:1072:14)
    at Object.Module._extensions..js (internal/modules/cjs/loader.js:1101:10)
    at Module.load (internal/modules/cjs/loader.js:937:32)
    at Function.Module._load (internal/modules/cjs/loader.js:778:12)
    at Module.require (internal/modules/cjs/loader.js:961:19)
    at require (internal/modules/cjs/helpers.js:92:18) {
  errno: -111,
  code: 'ECONNREFUSED',
  syscall: 'connect',
  address: '127.0.0.1',
  port: 3306,
  fatal: true
}
Tue Oct 05 2021 18:53:53 GMT+0530 (India Standard Time) | ERROR | Error: connect ECONNREFUSED 127.0.0.1:3306
    at TCPConnectWrap.afterConnect [as oncomplete] (net.js:1148:16)
    --------------------
    at Protocol._enqueue (/home/mongoose/Projects/The-Galleria-Server/node_modules/mysql/lib/protocol/Protocol.js:144:48)
    at Protocol.handshake (/home/mongoose/Projects/The-Galleria-Server/node_modules/mysql/lib/protocol/Protocol.js:51:23)
    at Connection.connect (/home/mongoose/Projects/The-Galleria-Server/node_modules/mysql/lib/Connection.js:116:18)
    at Object.<anonymous> (/home/mongoose/Projects/The-Galleria-Server/db.config.js:11:12)
    at Module._compile (internal/modules/cjs/loader.js:1072:14)
    at Object.Module._extensions..js (internal/modules/cjs/loader.js:1101:10)
    at Module.load (internal/modules/cjs/loader.js:937:32)
    at Function.Module._load (internal/modules/cjs/loader.js:778:12)
    at Module.require (internal/modules/cjs/loader.js:961:19)
    at require (internal/modules/cjs/helpers.js:92:18) {
  errno: -111,
  code: 'ECONNREFUSED',
  syscall: 'connect',
  address: '127.0.0.1',
  port: 3306,
  fatal: true
}
