Sat Oct 02 2021 17:34:02 GMT+0000 (Coordinated Universal Time) | INFO | { message: 'success' }
Sat Oct 02 2021 17:37:04 GMT+0000 (Coordinated Universal Time) | INFO | { message: 'success' }
Sat Oct 02 2021 17:38:43 GMT+0000 (Coordinated Universal Time) | INFO | { message: 'success' }
Sat Oct 02 2021 17:51:23 GMT+0000 (Coordinated Universal Time) | INFO | { message: 'success' }
Sat Oct 02 2021 17:58:14 GMT+0000 (Coordinated Universal Time) | INFO | l5
Sat Oct 02 2021 17:58:14 GMT+0000 (Coordinated Universal Time) | INFO | l5
Sat Oct 02 2021 17:58:53 GMT+0000 (Coordinated Universal Time) | INFO | l5
Mon Oct 04 2021 14:44:54 GMT+0000 (Coordinated Universal Time) | INFO | l1
Mon Oct 04 2021 14:45:47 GMT+0000 (Coordinated Universal Time) | INFO | l2
Mon Oct 04 2021 14:46:05 GMT+0000 (Coordinated Universal Time) | INFO | l3
Mon Oct 04 2021 15:37:50 GMT+0000 (Coordinated Universal Time) | INFO | l2
Mon Oct 04 2021 15:37:55 GMT+0000 (Coordinated Universal Time) | INFO | l2
Mon Oct 04 2021 15:42:59 GMT+0000 (Coordinated Universal Time) | INFO | l2
Tue Oct 05 2021 06:09:49 GMT+0000 (Coordinated Universal Time) | INFO | l3
Tue Oct 05 2021 08:12:25 GMT+0000 (Coordinated Universal Time) | INFO | l4
Tue Oct 05 2021 08:37:02 GMT+0000 (Coordinated Universal Time) | INFO | l1
Tue Oct 05 2021 08:37:30 GMT+0000 (Coordinated Universal Time) | INFO | l1
Tue Oct 05 2021 08:38:39 GMT+0000 (Coordinated Universal Time) | INFO | l1
Tue Oct 05 2021 09:30:29 GMT+0000 (Coordinated Universal Time) | INFO | { message: 'success' }
Tue Oct 05 2021 11:32:09 GMT+0000 (Coordinated Universal Time) | INFO | { message: 'success' }
Tue Oct 05 2021 11:49:03 GMT+0000 (Coordinated Universal Time) | INFO | { message: 'success' }
Tue Oct 05 2021 12:33:35 GMT+0000 (Coordinated Universal Time) | INFO | { message: 'success' }
Tue Oct 05 2021 18:58:14 GMT+0530 (India Standard Time) | INFO | { message: 'success' }
